Step: step-credential-initializer-nhtgz:

{"level":"warn","ts":1565817616.6056025,"logger":"fallback-logger","caller":"logging/config.go:69","msg":"Fetch GitHub commit ID from kodata failed: \"ref: refs/heads/master\" is not a valid GitHub commit ID"}
{"level":"info","ts":1565817616.6062584,"logger":"fallback-logger","caller":"creds-init/main.go:40","msg":"Credentials initialized."}
Step: step-working-dir-initializer-7czrs:

{"level":"warn","ts":1565817617.6177814,"logger":"fallback-logger","caller":"logging/config.go:69","msg":"Fetch GitHub commit ID from kodata failed: open /var/run/ko/HEAD: no such file or directory"}
{"level":"info","ts":1565817617.6195924,"logger":"fallback-logger","caller":"bash/main.go:65","msg":"Successfully executed command \"mkdir -p /workspace/source /workspace/source/charts/preview\""}
Step: step-place-tools:

Step: step-git-source-cb-kubecd-sfo-dwjw-pr-1-promoti-tljt4:

{"level":"warn","ts":1565817623.6817536,"logger":"fallback-logger","caller":"logging/config.go:69","msg":"Fetch GitHub commit ID from kodata failed: \"ref: refs/heads/master\" is not a valid GitHub commit ID"}
{"level":"info","ts":1565817624.3555105,"logger":"fallback-logger","caller":"git/git.go:102","msg":"Successfully cloned https://github.com/cb-kubecd/sfo-dwjw.git @ 3df63e7160e623f601c104165046959117ee6ff6 in path /workspace/source"}
Step: step-git-merge:

Using SHAs from PULL_REFS=master:840dbfc31b13f91b8296a24497e0e0b68f343d40,1:3df63e7160e623f601c104165046959117ee6ff6
DEBUG: ran git fetch --unshallow origin 3df63e7160e623f601c104165046959117ee6ff6: 840dbfc31b13f91b8296a24497e0e0b68f343d40: in 
DEBUG: ran git checkout master in 
DEBUG: ran git reset --hard 840dbfc31b13f91b8296a24497e0e0b68f343d40 in 
DEBUG: ran clean --force -d . in 
DEBUG: ran git merge 3df63e7160e623f601c104165046959117ee6ff6 in 
MERGED SHA SUBJECT
3df63e716  improve welcome message
Step: step-prebuild-step2:

XXXXXXXXXXXXXXX
Step: step-build-npmrc:

WARNING: failed to find Secret npm-token in namespace **
Step: step-build-npm-install:

npm notice created a lockfile as package-lock.json. You should commit this file.
npm WARN REPLACE_ME@1.0.0 No repository field.
npm WARN REPLACE_ME@1.0.0 No license field.

up to date in 0.367s
found 0 vulnerabilities

Step: step-build-npm-test:


> REPLACE_ME@1.0.0 test /workspace/source
> echo "no test specified" && exit 0

no test specified
Step: step-build-container-build:

[36mINFO[0m[0000] Downloading base image node:9-slim           
ERROR: logging before flag.Parse: E0814 21:20:29.138488      14 metadata.go:142] while reading 'google-dockercfg' metadata: http status code: 404 while fetching url http://metadata.google.internal./computeMetadata/v1/instance/attributes/google-dockercfg
ERROR: logging before flag.Parse: E0814 21:20:29.150526      14 metadata.go:159] while reading 'google-dockercfg-url' metadata: http status code: 404 while fetching url http://metadata.google.internal./computeMetadata/v1/instance/attributes/google-dockercfg-url
2019/08/14 21:20:29 No matching credentials were found, falling back on anonymous
[36mINFO[0m[0001] Error while retrieving image from cache: getting file info: stat /workspace/sha256:0e0175bbe4f8d9d104590d8d2c591017874e30977cb71aaff1cf6fa99479575c: no such file or directory 
[36mINFO[0m[0001] Downloading base image node:9-slim           
2019/08/14 21:20:30 No matching credentials were found, falling back on anonymous
[36mINFO[0m[0002] Executing 0 build triggers                   
[36mINFO[0m[0002] cmd: EXPOSE                                  
[36mINFO[0m[0002] Adding exposed port: 8080/tcp                
[36mINFO[0m[0002] Using files from context: [/workspace/source] 
[36mINFO[0m[0002] Skipping unpacking as no commands require it. 
[36mINFO[0m[0002] Taking snapshot of full filesystem...        
[36mINFO[0m[0002] ENV PORT 8080                                
[36mINFO[0m[0002] No files changed in this command, skipping snapshotting. 
[36mINFO[0m[0002] EXPOSE 8080                                  
[36mINFO[0m[0002] cmd: EXPOSE                                  
[36mINFO[0m[0002] Adding exposed port: 8080/tcp                
[36mINFO[0m[0002] No files changed in this command, skipping snapshotting. 
[36mINFO[0m[0002] WORKDIR /usr/src/app                         
[36mINFO[0m[0002] cmd: workdir                                 
[36mINFO[0m[0002] Changed working directory to /usr/src/app    
[36mINFO[0m[0002] Creating directory /usr/src/app              
[36mINFO[0m[0002] Taking snapshot of files...                  
[36mINFO[0m[0002] Using files from context: [/workspace/source] 
[36mINFO[0m[0002] COPY . .                                     
[36mINFO[0m[0002] Taking snapshot of files...                  
[36mINFO[0m[0002] CMD ["npm", "start"]                         
[36mINFO[0m[0002] No files changed in this command, skipping snapshotting. 
2019/08/14 21:20:32 existing blob: sha256:e01bd28a434b56ffd2a3fe9aa99b9b69aecca69904843edd30b1ee7150d79904
2019/08/14 21:20:32 existing blob: sha256:7d083412657baa2dafba8d093034ef26f9ed2c90fb6ed95f76bb55aff03ed429
2019/08/14 21:20:32 existing blob: sha256:a88538b9cd05cfa611e43a25582a95ad7879f6fa708b0386a26b71ee62235bb3
2019/08/14 21:20:32 existing blob: sha256:5bba3ecb4cd6374a19da45f2a3db0a9c0804984358b3bb4b666c28944016e5ff
2019/08/14 21:20:32 existing blob: sha256:196b8e3c919d5639193ba6c6e54774528942041bbc37606631a2250502985c3c
2019/08/14 21:20:35 pushed blob: sha256:f51674d97419d78d3981ae0e4a03d5487c6ff1f44f68909d04a5c4924ddc3d99
2019/08/14 21:20:35 pushed blob: sha256:3e6029fd91c8341a95bd1ea302ab78b9a2cc8bfa94ab8e5ba9b571d6d597924a
2019/08/14 21:20:35 pushed blob: sha256:377051edcf0f6a0676042557425b172d5c2ee9b0abddecdcbce6b7ee5e11d709
2019/08/14 21:20:36 gcr.io/jenkinsx-dev/sfo-dwjw:0.0.0-SNAPSHOT-PR-1-1: digest: sha256:6899e0dfa9718b417312f8483355c2f4b85a3bdd8ff7b4aaa00d46880d889014 size: 1404
Step: step-postbuild-post-build:

no CVE provider running in the current ** namespace so skip adding image to be analysed
Step: step-promote-make-preview:

sed -i -e "s/version:.*/version: 0.0.0-SNAPSHOT-PR-1-1/" Chart.yaml
sed -i -e "s/version:.*/version: 0.0.0-SNAPSHOT-PR-1-1/" ../*/Chart.yaml
sed -i -e "s|repository:.*|repository: gcr.io\/jenkinsx-dev\/sfo-dwjw|" values.yaml
sed -i -e "s/tag:.*/tag: 0.0.0-SNAPSHOT-PR-1-1/" values.yaml
echo "  version: 0.0.0-SNAPSHOT-PR-1-1" >> requirements.yaml
** step helm build
WARNING: No $CHART_REPOSITORY defined so using the default value of: http://jenkins-x-chartmuseum:8080
Adding missing Helm repo: storage.googleapis.com https://storage.googleapis.com/chartmuseum.jenkins-x.io
Successfully added Helm repository storage.googleapis.com.
Adding missing Helm repo: jenkins-x-chartmuseum http://jenkins-x-chartmuseum:8080
Successfully added Helm repository jenkins-x-chartmuseum.
WARNING: No $CHART_REPOSITORY defined so using the default value of: http://jenkins-x-chartmuseum:8080
Adding missing Helm repo: chartmuseum.jenkins-x.io http://chartmuseum.jenkins-x.io
Successfully added Helm repository chartmuseum.jenkins-x.io.
Step: step-promote-**-preview:

Creating a preview
Commit author email is empty for: 3df63e7160e623f601c104165046959117ee6ff6
Looking for commits in: /workspace/source/
Found commit author match for: rawlingsj with email address: rawlingsj80@gmail.com
Created environment cb-kubecd-sfo-dwjw-pr-1
Namespace **-cb-kubecd-sfo-dwjw-pr-1 created 
expose:
  Annotations:
    helm.sh/hook: post-install,post-upgrade
    helm.sh/hook-delete-policy: hook-succeeded
  config:
    domain: 34.77.228.65.nip.io
    exposer: Ingress
    http: "true"
preview:
  image:
    repository: gcr.io/jenkinsx-dev/sfo-dwjw
    tag: 0.0.0-SNAPSHOT-PR-1-1
Deleting and cloning the Jenkins X versions repo
Cloning the Jenkins X versions repo https://github.com/jenkins-x/jenkins-x-versions.git with ref refs/heads/master to /builder/home/.**/jenkins-x-versions
WARNING: failed to create system vault in namespace ** due to no "**-vault-jrawlings-int" vault found in namespace "**"


Updating PipelineActivities cb-kubecd-sfo-dwjw-pr-1-1 which has status Running
WARNING: preview application http://sfo-dwjw.**-cb-kubecd-sfo-dwjw-pr-1.34.77.228.65.nip.io not available, error was 503 503 Service Temporarily Unavailable, delaying for: 1.192024588s
WARNING: preview application http://sfo-dwjw.**-cb-kubecd-sfo-dwjw-pr-1.34.77.228.65.nip.io not available, error was 503 503 Service Temporarily Unavailable, delaying for: 1.561649783s
WARNING: preview application http://sfo-dwjw.**-cb-kubecd-sfo-dwjw-pr-1.34.77.228.65.nip.io not available, error was 503 503 Service Temporarily Unavailable, delaying for: 2.077092453s
WARNING: preview application http://sfo-dwjw.**-cb-kubecd-sfo-dwjw-pr-1.34.77.228.65.nip.io not available, error was 503 503 Service Temporarily Unavailable, delaying for: 2.639523358s
Preview application is now available at: http://sfo-dwjw.**-cb-kubecd-sfo-dwjw-pr-1.34.77.228.65.nip.io
